<?xml version="1.0" encoding="UTF-8"?>
<testsuite name="Test Google search functionality" tests="1" skipped="0" failures="0" errors="0" timestamp="2023-02-09T18:57:18" hostname="Globants-MacBook-Pro.local" time="0.046">
  <properties/>
  <testcase name="As a user I enter a serach criteria in Google" classname="Test Google search functionality" time="0.046"/>
  <system-out><![CDATA[]]></system-out>
  <system-err><![CDATA[]]></system-err>
</testsuite>
